###############################################################
#  Generated by:      Cadence Encounter 13.24-s026_1
#  OS:                Linux x86_64(Host ID gallus)
#  Generated on:      Sun Feb 23 00:37:01 2020
#  Design:            MIPS_32_1P_MUL_DIV
#  Command:           checkDesign -netlist
###############################################################
Design: MIPS_32_1P_MUL_DIV

------ Design Summary:
Total Standard Cell Number   (cells) : 16884
Total Block Cell Number      (cells) : 0
Total I/O Pad Cell Number    (cells) : 0
Total Standard Cell Area     ( um^2) : 0.00
Total Block Cell Area        ( um^2) : 0.00
Total I/O Pad Cell Area      ( um^2) : 0.00

------ Design Statistics:

Number of Instances            : 16884
Number of Nets                 : 18304
Average number of Pins per Net : 3.62
Maximum number of Pins in Net  : 2878

------ I/O Port summary

Number of Primary I/O Ports    : 204
Number of Input Ports          : 88
Number of Output Ports         : 116
Number of Bidirectional Ports  : 0
Number of Power/Ground Ports   : 0



------------------------------------------------------------
Detail report:


------ I/O Pad/Port Checking

WARN : Port SCOUT is floating in the top design.

------ Primitive Pins DRC Checking

**WARN: Instance 'g831858' has multiple input pins tied together to net 'n_1345'.
**WARN: Instance 'g832034' has multiple input pins tied together to net 'n_1663'.
**WARN: Instance 'g831126' has multiple input pins tied together to net 'n_5987'.
**WARN: Instance 'g826163' has multiple input pins tied together to net 'n_8977'.
**WARN: Instance 'g817373' has multiple input pins tied together to net 'n_16963'.
**WARN: Instance 'g817643' has multiple input pins tied together to net 'n_22460'.

------ Primitive Net DRC Check

WARNING : Net CK has 2877 fanout

