#-----------------------------------------------------------
# Vivado v2018.3 (64-bit)
# SW Build 2405991 on Thu Dec  6 23:36:41 MST 2018
# IP Build 2404404 on Fri Dec  7 01:43:56 MST 2018
# Start of session at: Wed Oct 23 17:44:20 2019
# Process ID: 26014
# Current directory: /users/enseig/sekouri/Documents/tempCordic/MOCCA/tp3
# Command line: vivado
# Log file: /users/enseig/sekouri/Documents/tempCordic/MOCCA/tp3/vivado.log
# Journal file: /users/enseig/sekouri/Documents/tempCordic/MOCCA/tp3/vivado.jou
#-----------------------------------------------------------
start_gui
open_project /users/enseig/sekouri/Documents/tempCordic/tempCORDIC/tempCORDIC.xpr
Scanning sources...
Finished scanning sources
INFO: [IP_Flow 19-234] Refreshing IP repositories
INFO: [IP_Flow 19-1704] No user IP repositories specified
INFO: [IP_Flow 19-2313] Loaded Vivado IP repository '/users/soft/xilinx/2018.3/Vivado/2018.3/data/ip'.
open_project: Time (s): cpu = 00:00:09 ; elapsed = 00:00:07 . Memory (MB): peak = 6521.723 ; gain = 155.031 ; free physical = 21366 ; free virtual = 59681
update_compile_order -fileset sources_1
reset_run synth_1
WARNING: [Vivado 12-1017] Problems encountered:
1. Failed to delete one or more files in run directory /users/enseig/sekouri/Documents/tempCordic/tempCORDIC/tempCORDIC.runs/synth_1

launch_runs synth_1 -jobs 3
[Wed Oct 23 17:49:14 2019] Launched synth_1...
Run output will be captured here: /users/enseig/sekouri/Documents/tempCordic/tempCORDIC/tempCORDIC.runs/synth_1/runme.log
reset_run synth_1
WARNING: [Vivado 12-1017] Problems encountered:
1. Failed to delete one or more files in run directory /users/enseig/sekouri/Documents/tempCordic/tempCORDIC/tempCORDIC.runs/synth_1

launch_runs synth_1 -jobs 3
[Wed Oct 23 17:50:36 2019] Launched synth_1...
Run output will be captured here: /users/enseig/sekouri/Documents/tempCordic/tempCORDIC/tempCORDIC.runs/synth_1/runme.log
reset_run synth_1
WARNING: [Vivado 12-1017] Problems encountered:
1. Failed to delete one or more files in run directory /users/enseig/sekouri/Documents/tempCordic/tempCORDIC/tempCORDIC.runs/synth_1

launch_runs synth_1 -jobs 3
[Wed Oct 23 18:02:03 2019] Launched synth_1...
Run output will be captured here: /users/enseig/sekouri/Documents/tempCordic/tempCORDIC/tempCORDIC.runs/synth_1/runme.log
exit
INFO: [Common 17-206] Exiting Vivado at Wed Oct 23 18:03:23 2019...
